2021-05-29 20:42:35,383 INFO By.Epam.Tran.Cont.Controller [main] Access start program
2021-05-29 20:42:50,504 INFO By.Epam.Tran.Cont.Controller [main] Access read Double
2021-05-29 20:42:50,507 INFO By.Epam.Tran.Cont.Controller [main] Access using sum with x = 10.0 y = 10.0
2021-05-29 20:42:50,508 INFO By.Epam.Tran.Cont.Controller [main] Access using sub with x = 10.0 y = 10.0
2021-05-29 20:42:50,508 INFO By.Epam.Tran.Cont.Controller [main] Access using mult with x = 10.0 y = 10.0
2021-05-29 20:42:50,509 INFO By.Epam.Tran.Cont.Controller [main] Access using div with x = 10.0 y = 10.0
2021-05-29 20:42:50,518 INFO By.Epam.Tran.Cont.Controller [main] Start of execution combinationOfSimpleCalculations with a = 10.0 b = 10.0 c = 10.0 d = 10.0
2021-05-29 20:42:50,519 INFO By.Epam.Tran.Cont.Controller [main] Access using div with x = 10.0 y = 10.0
2021-05-29 20:42:50,519 INFO By.Epam.Tran.Cont.Controller [main] Access using div with x = 10.0 y = 10.0
2021-05-29 20:42:50,520 INFO By.Epam.Tran.Cont.Controller [main] Access using mult with x = 1.0 y = 1.0
2021-05-29 20:42:50,520 INFO By.Epam.Tran.Cont.Controller [main] Access using mult with x = 10.0 y = 10.0
2021-05-29 20:42:50,521 INFO By.Epam.Tran.Cont.Controller [main] Access using sub with x = 100.0 y = 10.0
2021-05-29 20:42:50,521 INFO By.Epam.Tran.Cont.Controller [main] Access using mult with x = 10.0 y = 10.0
2021-05-29 20:42:50,521 INFO By.Epam.Tran.Cont.Controller [main] Access using div with x = 90.0 y = 100.0
2021-05-29 20:42:50,521 INFO By.Epam.Tran.Cont.Controller [main] Access using sub with x = 1.0 y = 0.9
2021-05-29 20:42:50,522 INFO By.Epam.Tran.Cont.Controller [main] Access end of combinationOfSimpleCalculations
2021-05-29 20:42:50,522 INFO By.Epam.Tran.Cont.Controller [main] Start of execution Mean with x = 10.0 y = 10.0
2021-05-29 20:42:50,522 INFO By.Epam.Tran.Cont.Controller [main] Access using mult with x = 10.0 y = 10.0
2021-05-29 20:42:50,523 INFO By.Epam.Tran.Cont.Controller [main] Access using mult with x = 10.0 y = 10.0
2021-05-29 20:42:50,523 INFO By.Epam.Tran.Cont.Controller [main] Access using sum with x = 100.0 y = 100.0
2021-05-29 20:42:50,523 INFO By.Epam.Tran.Cont.Controller [main] Access using div with x = 200.0 y = 2.0
2021-05-29 20:42:50,524 INFO By.Epam.Tran.Cont.Controller [main] Access using mult with x = 10.0 y = 10.0
2021-05-29 20:42:50,524 INFO By.Epam.Tran.Cont.Controller [main] Access end of Mean
2021-05-29 20:42:50,526 INFO By.Epam.Tran.Cont.Controller [main] Start finding roots with a = 10.0 b = 10.0 c = 10.0
2021-05-29 20:42:50,527 INFO By.Epam.Tran.Cont.Controller [main] Access using mult with x = 10.0 y = 10.0
2021-05-29 20:42:50,527 INFO By.Epam.Tran.Cont.Controller [main] Access using mult with x = 4.0 y = 10.0
2021-05-29 20:42:50,527 INFO By.Epam.Tran.Cont.Controller [main] Access using mult with x = 40.0 y = 10.0
2021-05-29 20:42:50,528 INFO By.Epam.Tran.Cont.Controller [main] Access using sub with x = 100.0 y = 400.0
2021-05-29 20:42:50,528 INFO By.Epam.Tran.Cont.Controller [main] Access using sub with x = -10.0 y = NaN
2021-05-29 20:42:50,528 INFO By.Epam.Tran.Cont.Controller [main] Access using mult with x = 2.0 y = 10.0
2021-05-29 20:42:50,528 INFO By.Epam.Tran.Cont.Controller [main] Access using div with x = NaN y = 20.0
2021-05-29 20:42:50,529 INFO By.Epam.Tran.Cont.Controller [main] Access using sum with x = -10.0 y = NaN
2021-05-29 20:42:50,529 INFO By.Epam.Tran.Cont.Controller [main] Access using mult with x = 2.0 y = 10.0
2021-05-29 20:42:50,529 INFO By.Epam.Tran.Cont.Controller [main] Access using div with x = NaN y = 20.0
2021-05-29 20:42:50,529 INFO By.Epam.Tran.Cont.Controller [main] Access finding roots
