2021-06-01 20:08:17,979 INFO By.Epam.Tran.Cont.Controller [main] Access start program
2021-06-01 20:08:26,337 INFO By.Epam.Tran.Cont.Controller [main] Access read Double
2021-06-01 20:08:26,398 INFO By.Epam.Tran.Cont.Controller [main] Access using sum with x = 10.0 y = 10.0
2021-06-01 20:08:26,398 INFO By.Epam.Tran.Cont.Controller [main] Access using sub with x = 10.0 y = 10.0
2021-06-01 20:08:26,399 INFO By.Epam.Tran.Cont.Controller [main] Access using mult with x = 10.0 y = 10.0
2021-06-01 20:08:26,399 INFO By.Epam.Tran.Cont.Controller [main] Access using div with x = 10.0 y = 10.0
2021-06-01 20:08:26,431 INFO By.Epam.Tran.Cont.Controller [main] Start of execution combinationOfSimpleCalculations with a = 10.0 b = 10.0 c = 10.0 d = 10.0
2021-06-01 20:08:26,432 INFO By.Epam.Tran.Cont.Controller [main] Access using div with x = 10.0 y = 10.0
2021-06-01 20:08:26,432 INFO By.Epam.Tran.Cont.Controller [main] Access using div with x = 10.0 y = 10.0
2021-06-01 20:08:26,433 INFO By.Epam.Tran.Cont.Controller [main] Access using mult with x = 1.0 y = 1.0
2021-06-01 20:08:26,433 INFO By.Epam.Tran.Cont.Controller [main] Access using mult with x = 10.0 y = 10.0
2021-06-01 20:08:26,433 INFO By.Epam.Tran.Cont.Controller [main] Access using sub with x = 100.0 y = 10.0
2021-06-01 20:08:26,433 INFO By.Epam.Tran.Cont.Controller [main] Access using mult with x = 10.0 y = 10.0
2021-06-01 20:08:26,433 INFO By.Epam.Tran.Cont.Controller [main] Access using div with x = 90.0 y = 100.0
2021-06-01 20:08:26,434 INFO By.Epam.Tran.Cont.Controller [main] Access using sub with x = 1.0 y = 0.9
2021-06-01 20:08:26,434 INFO By.Epam.Tran.Cont.Controller [main] Access end of combinationOfSimpleCalculations
2021-06-01 20:08:26,435 INFO By.Epam.Tran.Cont.Controller [main] Start of execution Mean with x = 10.0 y = 10.0
2021-06-01 20:08:26,435 INFO By.Epam.Tran.Cont.Controller [main] Access using mult with x = 10.0 y = 10.0
2021-06-01 20:08:26,435 INFO By.Epam.Tran.Cont.Controller [main] Access using mult with x = 10.0 y = 10.0
2021-06-01 20:08:26,435 INFO By.Epam.Tran.Cont.Controller [main] Access using sum with x = 100.0 y = 100.0
2021-06-01 20:08:26,436 INFO By.Epam.Tran.Cont.Controller [main] Access using div with x = 200.0 y = 2.0
2021-06-01 20:08:26,436 INFO By.Epam.Tran.Cont.Controller [main] Access using mult with x = 10.0 y = 10.0
2021-06-01 20:08:26,439 INFO By.Epam.Tran.Cont.Controller [main] Access end of Mean
2021-06-01 20:08:26,467 INFO By.Epam.Tran.Cont.Controller [main] Start finding roots with a = 10.0 b = 10.0 c = 10.0
2021-06-01 20:08:26,468 INFO By.Epam.Tran.Cont.Controller [main] Access using mult with x = 10.0 y = 10.0
2021-06-01 20:08:26,468 INFO By.Epam.Tran.Cont.Controller [main] Access using mult with x = 4.0 y = 10.0
2021-06-01 20:08:26,468 INFO By.Epam.Tran.Cont.Controller [main] Access using mult with x = 40.0 y = 10.0
2021-06-01 20:08:26,469 INFO By.Epam.Tran.Cont.Controller [main] Access using sub with x = 100.0 y = 400.0
2021-06-01 20:08:26,469 INFO By.Epam.Tran.Cont.Controller [main] Access using sub with x = -10.0 y = NaN
2021-06-01 20:08:26,469 INFO By.Epam.Tran.Cont.Controller [main] Access using mult with x = 2.0 y = 10.0
2021-06-01 20:08:26,469 INFO By.Epam.Tran.Cont.Controller [main] Access using div with x = NaN y = 20.0
2021-06-01 20:08:26,469 INFO By.Epam.Tran.Cont.Controller [main] Access using sum with x = -10.0 y = NaN
2021-06-01 20:08:26,470 INFO By.Epam.Tran.Cont.Controller [main] Access using mult with x = 2.0 y = 10.0
2021-06-01 20:08:26,470 INFO By.Epam.Tran.Cont.Controller [main] Access using div with x = NaN y = 20.0
2021-06-01 20:08:26,470 INFO By.Epam.Tran.Cont.Controller [main] Access finding roots
2021-06-01 20:08:33,357 INFO By.Epam.Tran.Cont.Controller [main] Find Char
2021-06-01 20:08:33,360 INFO By.Epam.Tran.Cont.Controller [main] Access end program
2021-06-01 20:08:33,361 INFO By.Epam.Tran.Cont.Controller [main] -------------------------------
