2021-05-30 22:35:54,437 INFO By.Epam.Tran.Cont.Controller [main] Access start program
2021-05-30 22:37:40,065 ERROR By.Epam.Tran.Data.ConsoleIn [main] the password have more or less digits
2021-05-30 22:37:40,065 INFO By.Epam.Tran.Data.ConsoleIn [main] -------------------------------
2021-05-30 22:39:06,825 INFO By.Epam.Tran.Cont.Controller [main] Access start program
2021-05-30 22:39:38,842 INFO By.Epam.Tran.Data.ConsoleIn [main] Access read all info
2021-05-30 22:43:05,002 INFO By.Epam.Tran.Cont.Controller [main] Access start program
2021-05-30 22:43:30,753 INFO By.Epam.Tran.Data.ConsoleIn [main] Access read all info
2021-05-30 22:45:55,546 INFO By.Epam.Tran.Cont.Controller [main] Access start program
2021-05-30 22:46:10,994 INFO By.Epam.Tran.Data.ConsoleIn [main] Access read all info
2021-05-30 22:46:55,446 INFO By.Epam.Tran.Cont.Controller [main] Access start program
2021-05-30 22:47:11,702 INFO By.Epam.Tran.Data.ConsoleIn [main] Access read all info
2021-05-30 22:50:45,726 INFO By.Epam.Tran.Cont.Controller [main] Access start program
2021-05-30 22:51:03,369 INFO By.Epam.Tran.Data.ConsoleIn [main] Access read all info
2021-05-30 22:51:03,389 INFO By.Epam.Tran.Serv.EqualsDouble [main] Start of equalsDouble with x = 10.0 y = 10.0
2021-05-30 22:51:03,389 INFO By.Epam.Tran.Serv.EqualsDouble [main] Access equalsDouble
2021-05-30 22:51:03,390 INFO By.Epam.Tran.Serv.Equals3Double [main] Start equals3Double with a = + a +  b =  + b +  c =  + c
2021-05-30 22:51:03,390 INFO By.Epam.Tran.Serv.Equals3Double [main] Done equals3Double
2021-05-30 22:51:03,392 INFO By.Epam.Tran.Serv.SimpleIf [main] Start simpleIf with x = 2 y = 3
2021-05-30 22:51:03,392 INFO By.Epam.Tran.Serv.SimpleIf [main] Done simpleIf
2021-05-30 22:51:03,394 INFO By.Epam.Tran.Serv.TemperatureAnalysis [main] Start equals3Double with t = 2.0
2021-05-30 22:51:03,394 INFO By.Epam.Tran.Serv.TemperatureAnalysis [main] Done equals3Double
2021-05-30 22:51:03,394 INFO By.Epam.Tran.Serv.AccessLevel [main] Start equals3Double with x = 2345
2021-05-30 22:51:03,395 INFO By.Epam.Tran.Serv.AccessLevel [main] Done equals3Double
2021-05-30 22:51:03,395 INFO By.Epam.Tran.Serv.SimpleFor [main] Start simpleFor
2021-05-30 22:51:03,395 INFO By.Epam.Tran.Serv.SimpleFor [main] Access simpleFor
2021-05-30 22:51:03,395 INFO By.Epam.Tran.Serv.SimpleFor [main] Start sumFor
2021-05-30 22:51:03,396 INFO By.Epam.Tran.Serv.SimpleFor [main] Access sumFor
2021-05-30 22:51:03,396 INFO By.Epam.Tran.Serv.SimpleFor [main] Start multForAToN
2021-05-30 22:51:03,396 INFO By.Epam.Tran.Serv.SimpleFor [main] Access multForAToN
2021-05-30 22:51:03,397 INFO By.Epam.Tran.Serv.Factorial [main] Start of factorial with n = 2
2021-05-30 22:51:03,397 INFO By.Epam.Tran.Serv.Factorial [main] Access factorial
2021-05-30 22:51:03,397 INFO By.Epam.Tran.Serv.Factorial [main] Start of factorial with n = 2
2021-05-30 22:51:03,397 INFO By.Epam.Tran.Serv.Factorial [main] Access factorial
2021-05-30 23:04:08,297 INFO By.Epam.Tran.Serv.EqualsDouble [main] Start of equalsDouble with x = 1.7 y = 2.4
2021-05-30 23:04:08,300 INFO By.Epam.Tran.Serv.EqualsDouble [main] Access equalsDouble
2021-05-30 23:04:08,302 INFO By.Epam.Tran.Serv.EqualsDouble [main] Start of equalsDouble with x = -8.5 y = 9.0
2021-05-30 23:04:08,303 INFO By.Epam.Tran.Serv.EqualsDouble [main] Access equalsDouble
2021-05-30 23:04:08,303 INFO By.Epam.Tran.Serv.EqualsDouble [main] Start of equalsDouble with x = 1000.0 y = -1000.0
2021-05-30 23:04:08,307 INFO By.Epam.Tran.Serv.EqualsDouble [main] Access equalsDouble
2021-05-30 23:04:08,308 INFO By.Epam.Tran.Serv.EqualsDouble [main] Start of equalsDouble with x = 0.0 y = 0.0
2021-05-30 23:04:08,310 INFO By.Epam.Tran.Serv.EqualsDouble [main] Access equalsDouble
2021-05-30 23:10:57,094 INFO By.Epam.Tran.Serv.EqualsDouble [main] Start of equalsDouble with x = 1.7 y = 2.4
2021-05-30 23:10:57,098 INFO By.Epam.Tran.Serv.EqualsDouble [main] Access equalsDouble
2021-05-30 23:10:57,109 INFO By.Epam.Tran.Serv.EqualsDouble [main] Start of equalsDouble with x = 8.5 y = 8.5
2021-05-30 23:10:57,109 INFO By.Epam.Tran.Serv.EqualsDouble [main] Access equalsDouble
2021-05-30 23:10:57,116 INFO By.Epam.Tran.Serv.EqualsDouble [main] Start of equalsDouble with x = 8.5 y = 8.0
2021-05-30 23:10:57,116 INFO By.Epam.Tran.Serv.EqualsDouble [main] Access equalsDouble
2021-05-30 23:10:57,119 INFO By.Epam.Tran.Serv.EqualsDouble [main] Start of equalsDouble with x = 9.0 y = 9.0
2021-05-30 23:10:57,119 INFO By.Epam.Tran.Serv.EqualsDouble [main] Access equalsDouble
2021-05-30 23:13:10,927 INFO By.Epam.Tran.Serv.Equals3Double [main] Start equals3Double with a = + a +  b =  + b +  c =  + c
2021-05-30 23:13:10,931 INFO By.Epam.Tran.Serv.Equals3Double [main] Done equals3Double
2021-05-30 23:13:10,941 INFO By.Epam.Tran.Serv.Equals3Double [main] Start equals3Double with a = + a +  b =  + b +  c =  + c
2021-05-30 23:13:10,941 INFO By.Epam.Tran.Serv.Equals3Double [main] Done equals3Double
2021-05-30 23:13:10,942 INFO By.Epam.Tran.Serv.Equals3Double [main] Start equals3Double with a = + a +  b =  + b +  c =  + c
2021-05-30 23:13:10,942 INFO By.Epam.Tran.Serv.Equals3Double [main] Done equals3Double
2021-05-30 23:13:10,942 INFO By.Epam.Tran.Serv.Equals3Double [main] Start equals3Double with a = + a +  b =  + b +  c =  + c
2021-05-30 23:13:10,943 INFO By.Epam.Tran.Serv.Equals3Double [main] Done equals3Double
2021-05-30 23:15:21,499 INFO By.Epam.Tran.Serv.Equals3Double [main] Start equals3Double with a =1.7 b = 2.4 c = 6.8
2021-05-30 23:15:21,504 INFO By.Epam.Tran.Serv.Equals3Double [main] Done equals3Double
2021-05-30 23:15:21,508 INFO By.Epam.Tran.Serv.Equals3Double [main] Start equals3Double with a =8.5 b = 8.5 c = 8.5
2021-05-30 23:15:21,508 INFO By.Epam.Tran.Serv.Equals3Double [main] Done equals3Double
2021-05-30 23:15:21,509 INFO By.Epam.Tran.Serv.Equals3Double [main] Start equals3Double with a =8.5 b = 8.0 c = 8.5
2021-05-30 23:15:21,511 INFO By.Epam.Tran.Serv.Equals3Double [main] Done equals3Double
2021-05-30 23:15:21,512 INFO By.Epam.Tran.Serv.Equals3Double [main] Start equals3Double with a =9.0 b = 9.0 c = 9.0
2021-05-30 23:15:21,513 INFO By.Epam.Tran.Serv.Equals3Double [main] Done equals3Double
2021-05-30 23:19:20,302 INFO By.Epam.Tran.Serv.Equals3Double [main] Start equals3Double with a =1.7 b = 2.4 c = 6.8
2021-05-30 23:19:20,305 INFO By.Epam.Tran.Serv.Equals3Double [main] Done equals3Double
2021-05-30 23:19:20,310 INFO By.Epam.Tran.Serv.Equals3Double [main] Start equals3Double with a =8.5 b = 8.5 c = 8.5
2021-05-30 23:19:20,311 INFO By.Epam.Tran.Serv.Equals3Double [main] Done equals3Double
2021-05-30 23:19:20,312 INFO By.Epam.Tran.Serv.Equals3Double [main] Start equals3Double with a =8.5 b = 8.0 c = 8.5
2021-05-30 23:19:20,312 INFO By.Epam.Tran.Serv.Equals3Double [main] Done equals3Double
2021-05-30 23:19:20,316 INFO By.Epam.Tran.Serv.Equals3Double [main] Start equals3Double with a =9.0 b = 9.0 c = 9.0
2021-05-30 23:19:20,316 INFO By.Epam.Tran.Serv.Equals3Double [main] Done equals3Double
2021-05-30 23:20:36,058 INFO By.Epam.Tran.Serv.Equals3Double [main] Start equals3Double with a =-1.7 b = 2.4 c = 6.8
2021-05-30 23:20:36,062 ERROR By.Epam.Tran.Serv.Equals3Double [main] side length 0 or negative 
2021-05-30 23:20:36,062 INFO By.Epam.Tran.Serv.Equals3Double [main] -------------------------------
2021-05-30 23:20:36,064 INFO By.Epam.Tran.Serv.Equals3Double [main] Start equals3Double with a =8.5 b = -8.5 c = 8.5
2021-05-30 23:20:36,064 ERROR By.Epam.Tran.Serv.Equals3Double [main] side length 0 or negative 
2021-05-30 23:20:36,064 INFO By.Epam.Tran.Serv.Equals3Double [main] -------------------------------
2021-05-30 23:20:36,065 INFO By.Epam.Tran.Serv.Equals3Double [main] Start equals3Double with a =8.5 b = 8.0 c = -8.5
2021-05-30 23:20:36,065 ERROR By.Epam.Tran.Serv.Equals3Double [main] side length 0 or negative 
2021-05-30 23:20:36,065 INFO By.Epam.Tran.Serv.Equals3Double [main] -------------------------------
2021-05-30 23:20:36,068 INFO By.Epam.Tran.Serv.Equals3Double [main] Start equals3Double with a =-9.0 b = -9.0 c = -9.0
2021-05-30 23:20:36,068 ERROR By.Epam.Tran.Serv.Equals3Double [main] side length 0 or negative 
2021-05-30 23:20:36,069 INFO By.Epam.Tran.Serv.Equals3Double [main] -------------------------------
2021-05-30 23:26:47,982 INFO By.Epam.Tran.Serv.SimpleIf [main] Start simpleIf with x = 17 y = 24
2021-05-30 23:26:47,985 INFO By.Epam.Tran.Serv.SimpleIf [main] Done simpleIf
2021-05-30 23:26:47,995 INFO By.Epam.Tran.Serv.SimpleIf [main] Start simpleIf with x = -85 y = 90
2021-05-30 23:26:47,995 INFO By.Epam.Tran.Serv.SimpleIf [main] Done simpleIf
2021-05-30 23:26:47,997 INFO By.Epam.Tran.Serv.SimpleIf [main] Start simpleIf with x = 1000 y = -1000
2021-05-30 23:26:47,999 INFO By.Epam.Tran.Serv.SimpleIf [main] Done simpleIf
2021-05-30 23:26:48,001 INFO By.Epam.Tran.Serv.SimpleIf [main] Start simpleIf with x = 1 y = 1
2021-05-30 23:26:48,002 INFO By.Epam.Tran.Serv.SimpleIf [main] Done simpleIf
2021-05-30 23:26:48,004 INFO By.Epam.Tran.Serv.SimpleIf [main] Start simpleIf with x = 0 y = 0
2021-05-30 23:26:48,004 INFO By.Epam.Tran.Serv.SimpleIf [main] Done simpleIf
2021-05-30 23:31:30,241 INFO By.Epam.Tran.Serv.TemperatureAnalysis [main] Start equals3Double with t = 89.4
2021-05-30 23:31:30,245 INFO By.Epam.Tran.Serv.TemperatureAnalysis [main] Done equals3Double
2021-05-30 23:31:30,251 INFO By.Epam.Tran.Serv.TemperatureAnalysis [main] Start equals3Double with t = 60.0
2021-05-30 23:31:30,251 INFO By.Epam.Tran.Serv.TemperatureAnalysis [main] Done equals3Double
2021-05-30 23:31:30,252 INFO By.Epam.Tran.Serv.TemperatureAnalysis [main] Start equals3Double with t = 61.1
2021-05-30 23:31:30,252 INFO By.Epam.Tran.Serv.TemperatureAnalysis [main] Done equals3Double
2021-05-30 23:31:30,254 INFO By.Epam.Tran.Serv.TemperatureAnalysis [main] Start equals3Double with t = 0.0
2021-05-30 23:31:30,254 INFO By.Epam.Tran.Serv.TemperatureAnalysis [main] Done equals3Double
2021-05-30 23:31:30,275 INFO By.Epam.Tran.Serv.TemperatureAnalysis [main] Start equals3Double with t = -5.0
2021-05-30 23:31:30,276 INFO By.Epam.Tran.Serv.TemperatureAnalysis [main] Done equals3Double
2021-05-30 23:35:47,681 INFO By.Epam.Tran.Serv.AccessLevel [main] Start equals3Double with x = 9583
2021-05-30 23:35:47,685 INFO By.Epam.Tran.Serv.AccessLevel [main] Done equals3Double
2021-05-30 23:35:47,689 INFO By.Epam.Tran.Serv.AccessLevel [main] Start equals3Double with x = 3331
2021-05-30 23:35:47,691 INFO By.Epam.Tran.Serv.AccessLevel [main] Done equals3Double
2021-05-30 23:35:47,692 INFO By.Epam.Tran.Serv.AccessLevel [main] Start equals3Double with x = 9455
2021-05-30 23:35:47,692 INFO By.Epam.Tran.Serv.AccessLevel [main] Done equals3Double
2021-05-30 23:35:47,693 INFO By.Epam.Tran.Serv.AccessLevel [main] Start equals3Double with x = 0
2021-05-30 23:35:47,694 INFO By.Epam.Tran.Serv.AccessLevel [main] Done equals3Double
2021-05-30 23:35:47,695 INFO By.Epam.Tran.Serv.AccessLevel [main] Start equals3Double with x = 5342
2021-05-30 23:35:47,696 INFO By.Epam.Tran.Serv.AccessLevel [main] Done equals3Double
2021-05-30 23:40:57,569 INFO By.Epam.Tran.Serv.SimpleFor [main] Start multForAToN with a = 1 n = 2
2021-05-30 23:40:57,573 INFO By.Epam.Tran.Serv.SimpleFor [main] Access multForAToN
2021-05-30 23:40:57,585 INFO By.Epam.Tran.Serv.SimpleFor [main] Start multForAToN with a = 1 n = 3
2021-05-30 23:40:57,586 INFO By.Epam.Tran.Serv.SimpleFor [main] Access multForAToN
2021-05-30 23:42:36,286 INFO By.Epam.Tran.Serv.SimpleFor [main] Start multForAToN with a = 1 n = 2
2021-05-30 23:42:36,289 INFO By.Epam.Tran.Serv.SimpleFor [main] Access multForAToN
2021-05-30 23:42:36,304 INFO By.Epam.Tran.Serv.SimpleFor [main] Start multForAToN with a = 1 n = 3
2021-05-30 23:42:36,304 INFO By.Epam.Tran.Serv.SimpleFor [main] Access multForAToN
2021-05-30 23:44:31,160 INFO By.Epam.Tran.Serv.SimpleFor [main] Start multForAToN with a = 1 n = 1
2021-05-30 23:44:31,167 INFO By.Epam.Tran.Serv.SimpleFor [main] Access multForAToN
2021-05-30 23:44:31,173 INFO By.Epam.Tran.Serv.SimpleFor [main] Start multForAToN with a = 1 n = 2
2021-05-30 23:44:31,173 INFO By.Epam.Tran.Serv.SimpleFor [main] Access multForAToN
2021-05-30 23:46:53,719 INFO By.Epam.Tran.Serv.Factorial [main] Start of factorial with n = 2
2021-05-30 23:46:53,723 INFO By.Epam.Tran.Serv.Factorial [main] Access factorial
2021-05-30 23:46:53,738 INFO By.Epam.Tran.Serv.Factorial [main] Start of factorial with n = 3
2021-05-30 23:46:53,742 INFO By.Epam.Tran.Serv.Factorial [main] Access factorial
2021-05-30 23:46:53,744 INFO By.Epam.Tran.Serv.Factorial [main] Start of factorial with n = 1
2021-05-30 23:46:53,744 INFO By.Epam.Tran.Serv.Factorial [main] Access factorial
2021-05-30 23:46:53,745 INFO By.Epam.Tran.Serv.Factorial [main] Start of factorial with n = 0
2021-05-30 23:46:53,745 INFO By.Epam.Tran.Serv.Factorial [main] Access factorial
2021-05-30 23:47:31,820 INFO By.Epam.Tran.Serv.Factorial [main] Start of factorial with n = 2
2021-05-30 23:47:31,824 INFO By.Epam.Tran.Serv.Factorial [main] Access factorial
2021-05-30 23:47:31,828 INFO By.Epam.Tran.Serv.Factorial [main] Start of factorial with n = 3
2021-05-30 23:47:31,829 INFO By.Epam.Tran.Serv.Factorial [main] Access factorial
2021-05-30 23:47:31,832 INFO By.Epam.Tran.Serv.Factorial [main] Start of factorial with n = 1
2021-05-30 23:47:31,832 INFO By.Epam.Tran.Serv.Factorial [main] Access factorial
2021-05-30 23:47:31,837 INFO By.Epam.Tran.Serv.Factorial [main] Start of factorial with n = 0
2021-05-30 23:47:31,837 INFO By.Epam.Tran.Serv.Factorial [main] Access factorial
2021-05-30 23:50:39,116 INFO By.Epam.Tran.Serv.FindBiggestNumber [main] Start findBiggestNumber with num = 9583
2021-05-30 23:50:39,120 INFO By.Epam.Tran.Serv.FindBiggestNumber [main] Done findBiggestNumber
2021-05-30 23:50:39,134 INFO By.Epam.Tran.Serv.FindBiggestNumber [main] Start findBiggestNumber with num = 3331
2021-05-30 23:50:39,135 INFO By.Epam.Tran.Serv.FindBiggestNumber [main] Done findBiggestNumber
2021-05-30 23:50:39,137 INFO By.Epam.Tran.Serv.FindBiggestNumber [main] Start findBiggestNumber with num = 9455
2021-05-30 23:50:39,138 INFO By.Epam.Tran.Serv.FindBiggestNumber [main] Done findBiggestNumber
2021-05-30 23:50:39,143 INFO By.Epam.Tran.Serv.FindBiggestNumber [main] Start findBiggestNumber with num = 0
2021-05-30 23:50:39,143 INFO By.Epam.Tran.Serv.FindBiggestNumber [main] Done findBiggestNumber
2021-05-30 23:50:39,147 INFO By.Epam.Tran.Serv.FindBiggestNumber [main] Start findBiggestNumber with num = 542
2021-05-30 23:50:39,147 INFO By.Epam.Tran.Serv.FindBiggestNumber [main] Done findBiggestNumber
2021-05-30 23:52:43,850 INFO By.Epam.Tran.Serv.FindBiggestNumber [main] Start findBiggestNumber with num = 9583
2021-05-30 23:52:43,854 INFO By.Epam.Tran.Serv.FindBiggestNumber [main] Done findBiggestNumber
2021-05-30 23:52:43,868 INFO By.Epam.Tran.Serv.FindBiggestNumber [main] Start findBiggestNumber with num = 3331
2021-05-30 23:52:43,868 INFO By.Epam.Tran.Serv.FindBiggestNumber [main] Done findBiggestNumber
2021-05-30 23:52:43,868 INFO By.Epam.Tran.Serv.FindBiggestNumber [main] Start findBiggestNumber with num = 9455
2021-05-30 23:52:43,869 INFO By.Epam.Tran.Serv.FindBiggestNumber [main] Done findBiggestNumber
2021-05-30 23:52:43,874 INFO By.Epam.Tran.Serv.FindBiggestNumber [main] Start findBiggestNumber with num = 0
2021-05-30 23:52:43,874 INFO By.Epam.Tran.Serv.FindBiggestNumber [main] Done findBiggestNumber
2021-05-30 23:52:43,876 INFO By.Epam.Tran.Serv.FindBiggestNumber [main] Start findBiggestNumber with num = 542
2021-05-30 23:52:43,876 INFO By.Epam.Tran.Serv.FindBiggestNumber [main] Done findBiggestNumber
2021-05-30 23:53:32,871 INFO By.Epam.Tran.Serv.FindBiggestNumber [main] Start findBiggestNumber with num = 9583
2021-05-30 23:53:32,875 INFO By.Epam.Tran.Serv.FindBiggestNumber [main] Done findBiggestNumber
2021-05-30 23:53:32,881 INFO By.Epam.Tran.Serv.FindBiggestNumber [main] Start findBiggestNumber with num = 3331
2021-05-30 23:53:32,881 INFO By.Epam.Tran.Serv.FindBiggestNumber [main] Done findBiggestNumber
2021-05-30 23:53:32,882 INFO By.Epam.Tran.Serv.FindBiggestNumber [main] Start findBiggestNumber with num = 9455
2021-05-30 23:53:32,882 INFO By.Epam.Tran.Serv.FindBiggestNumber [main] Done findBiggestNumber
2021-05-30 23:53:32,883 INFO By.Epam.Tran.Serv.FindBiggestNumber [main] Start findBiggestNumber with num = 0
2021-05-30 23:53:32,883 INFO By.Epam.Tran.Serv.FindBiggestNumber [main] Done findBiggestNumber
2021-05-30 23:53:32,884 INFO By.Epam.Tran.Serv.FindBiggestNumber [main] Start findBiggestNumber with num = 542
2021-05-30 23:53:32,884 INFO By.Epam.Tran.Serv.FindBiggestNumber [main] Done findBiggestNumber
